<?xml version="1.0" encoding="UTF-8"?>
<testng-results ignored="0" total="5" passed="5" failed="0" skipped="0">
  <reporter-output>
  </reporter-output>
  <suite started-at="2024-02-23T17:27:53 IST" name="Default suite" finished-at="2024-02-23T17:28:04 IST" duration-ms="10625">
    <groups>
    </groups>
    <test started-at="2024-02-23T17:27:53 IST" name="Default test" finished-at="2024-02-23T17:28:04 IST" duration-ms="10625">
      <class name="testcases.TestCases">
        <test-method is-config="true" signature="setUp()[pri:0, instance:testcases.TestCases@11392934]" started-at="2024-02-23T17:27:53 IST" name="setUp" finished-at="2024-02-23T17:28:00 IST" duration-ms="6865" status="PASS">
          <reporter-output>
          </reporter-output>
        </test-method> <!-- setUp -->
        <test-method signature="testValidateloginPageTitle()[pri:1, instance:testcases.TestCases@11392934]" started-at="2024-02-23T17:28:00 IST" name="testValidateloginPageTitle" finished-at="2024-02-23T17:28:00 IST" duration-ms="17" status="PASS">
          <reporter-output>
          </reporter-output>
        </test-method> <!-- testValidateloginPageTitle -->
        <test-method signature="testValidateUIElements()[pri:2, instance:testcases.TestCases@11392934]" started-at="2024-02-23T17:28:00 IST" name="testValidateUIElements" finished-at="2024-02-23T17:28:00 IST" duration-ms="205" status="PASS">
          <reporter-output>
          </reporter-output>
        </test-method> <!-- testValidateUIElements -->
        <test-method signature="testLogin()[pri:3, instance:testcases.TestCases@11392934]" started-at="2024-02-23T17:28:00 IST" name="testLogin" finished-at="2024-02-23T17:28:03 IST" duration-ms="2993" status="PASS">
          <reporter-output>
          </reporter-output>
        </test-method> <!-- testLogin -->
        <test-method signature="testValidateHomepageTitle()[pri:4, instance:testcases.TestCases@11392934]" started-at="2024-02-23T17:28:03 IST" name="testValidateHomepageTitle" finished-at="2024-02-23T17:28:03 IST" duration-ms="27" status="PASS">
          <reporter-output>
          </reporter-output>
        </test-method> <!-- testValidateHomepageTitle -->
        <test-method signature="testUIElementsInHomePage()[pri:5, instance:testcases.TestCases@11392934]" started-at="2024-02-23T17:28:03 IST" name="testUIElementsInHomePage" finished-at="2024-02-23T17:28:03 IST" duration-ms="154" status="PASS">
          <reporter-output>
          </reporter-output>
        </test-method> <!-- testUIElementsInHomePage -->
        <test-method is-config="true" signature="close()[pri:0, instance:testcases.TestCases@11392934]" started-at="2024-02-23T17:28:03 IST" name="close" finished-at="2024-02-23T17:28:04 IST" duration-ms="282" status="PASS">
          <reporter-output>
          </reporter-output>
        </test-method> <!-- close -->
      </class> <!-- testcases.TestCases -->
    </test> <!-- Default test -->
  </suite> <!-- Default suite -->
</testng-results>
